-------------------------------------------------------------------------------
Test set: com.ostemplate.app.personas.OstemplateServicioPersonasApplicationTests
-------------------------------------------------------------------------------
Tests run: 1, Failures: 0, Errors: 1, Skipped: 0, Time elapsed: 1.866 s <<< FAILURE! - in com.ostemplate.app.personas.OstemplateServicioPersonasApplicationTests
com.ostemplate.app.personas.OstemplateServicioPersonasApplicationTests  Time elapsed: 1.866 s  <<< ERROR!
java.lang.IllegalStateException: Unable to find a @SpringBootConfiguration, you need to use @ContextConfiguration or @SpringBootTest(classes=...) with your test

